Build started 8/10/2018 11:14:48 AM.
     1>Project "G:\Requirement\init_project\AdvancedOpenGL\AdvancedOpenGL.vcxproj" on node 2 (Build target(s)).
     1>ClCompile:
         C:\Program Files (x86)\Microsoft Visual Studio 12.0\VC\bin\CL.exe /c /I"C:\Program Files (x86)\Visual Leak Detector\include" /ZI /nologo /W3 /WX- /sdl /Od /Oy- /D _CRT_SECURE_NO_WARNINGS /D _MBCS /Gm /EHsc /RTC1 /MDd /GS /fp:precise /Zc:wchar_t /Zc:forScope /Fo"Debug\\" /Fd"Debug\vc120.pdb" /Gd /TP /analyze- /errorReport:prompt Main.cpp
         Main.cpp
     1>g:\requirement\init_project\advancedopengl\include\learnopengl\shader.h(65): warning C4101: 'success' : unreferenced local variable
     1>g:\requirement\init_project\advancedopengl\include\learnopengl\shader.h(66): warning C4101: 'infoLog' : unreferenced local variable
     1>g:\requirement\init_project\advancedopengl\main.cpp(133): warning C4244: 'initializing' : conversion from 'double' to 'GLfloat', possible loss of data
     1>g:\requirement\init_project\advancedopengl\main.cpp(227): warning C4244: '=' : conversion from 'double' to 'GLfloat', possible loss of data
     1>g:\requirement\init_project\advancedopengl\main.cpp(228): warning C4244: '=' : conversion from 'double' to 'GLfloat', possible loss of data
     1>g:\requirement\init_project\advancedopengl\main.cpp(232): warning C4244: 'initializing' : conversion from 'double' to 'GLfloat', possible loss of data
     1>g:\requirement\init_project\advancedopengl\main.cpp(233): warning C4244: 'initializing' : conversion from 'double' to 'GLfloat', possible loss of data
     1>g:\requirement\init_project\advancedopengl\main.cpp(234): warning C4244: '=' : conversion from 'double' to 'GLfloat', possible loss of data
     1>g:\requirement\init_project\advancedopengl\main.cpp(235): warning C4244: '=' : conversion from 'double' to 'GLfloat', possible loss of data
     1>g:\requirement\init_project\advancedopengl\main.cpp(242): warning C4244: 'argument' : conversion from 'double' to 'GLfloat', possible loss of data
       Link:
         C:\Program Files (x86)\Microsoft Visual Studio 12.0\VC\bin\link.exe /ERRORREPORT:PROMPT /OUT:"G:\Requirement\init_project\Debug\AdvancedOpenGL.exe" /INCREMENTAL /NOLOGO /LIBPATH:./libs opengl32.lib glfw3.lib kernel32.lib user32.lib gdi32.lib winspool.lib comdlg32.lib advapi32.lib shell32.lib ole32.lib oleaut32.lib uuid.lib odbc32.lib odbccp32.lib kernel32.lib user32.lib gdi32.lib winspool.lib comdlg32.lib advapi32.lib shell32.lib ole32.lib oleaut32.lib uuid.lib odbc32.lib odbccp32.lib /MANIFEST /MANIFESTUAC:"level='asInvoker' uiAccess='false'" /manifest:embed /DEBUG /PDB:"G:\Requirement\init_project\Debug\AdvancedOpenGL.pdb" /TLBID:1 /DYNAMICBASE /NXCOMPAT /IMPLIB:"G:\Requirement\init_project\Debug\AdvancedOpenGL.lib" /MACHINE:X86 Debug\Main.obj
         Debug\glad.obj
         Debug\LoadFile.obj
         AdvancedOpenGL.vcxproj -> G:\Requirement\init_project\Debug\AdvancedOpenGL.exe
     1>Done Building Project "G:\Requirement\init_project\AdvancedOpenGL\AdvancedOpenGL.vcxproj" (Build target(s)).

Build succeeded.

Time Elapsed 00:00:12.58
